<?xml version="1.0" encoding="UTF-8"?>
<!-- Generated by org.testng.reporters.JUnitReportReporter -->
<testsuite skipped="0" hostname="vikrantSS669-fhd" name="runners.TestRunner" tests="1" failures="0" timestamp="2024-02-07T12:25:34 IST" time="2.574" errors="0">
  <testcase name="runScenario" time="2.574" classname="runners.TestRunner"/>
  <system-out/>
</testsuite> <!-- runners.TestRunner -->
